1554416419.489585
1554416419.508551
1554416419.529585
1554416419.562552
1554416419.572561
1554416419.582557
1554416419.602552
1554416419.623553
1554416419.656552
1554416419.667596
1554416419.689595
1554416419.719592
1554416419.740553
1554416419.760589
1554416419.782552
1554416419.792598
1554416419.814594
1554416419.824550
1554416419.846592
1554416419.866558
1554416419.898602
1554416419.919588
1554416419.950587
1554416419.961551
1554416419.982554
1554416419.992558
1554416420.2590
1554416420.24591
1554416420.45594
1554416420.67594
1554416420.100549
1554416420.121552
1554416420.143551
1554416420.175552
1554416420.185551
1554416420.206551
1554416420.228554
1554416420.239556
1554416420.250556
1554416420.281551
1554416420.292551
1554416420.312577
1554416420.335552
1554416420.366585
1554416420.378553
1554416420.398593
1554416420.419587
1554416420.450584
1554416420.461577
1554416420.473553
1554416420.494587
1554416420.515587
1554416420.536551
1554416420.567027
1554416420.578032
1554416420.598068
1554416420.619029
1554416420.651070
1554416420.673030
1554416420.682031
1554416420.695069
1554416420.718029
1554416420.737035
1554416420.757031
1554416420.778032
1554416420.811030
1554416420.815034
1554416420.843030
1554416420.863181
1554416420.884180
1554416420.907149
1554416420.928174
1554416420.939178
1554416420.948176
1554416420.982176
1554416420.993177
1554416421.14215
1554416421.35215
1554416421.66181
1554416421.87218
1554416421.118173
1554416421.128173
1554416421.139182
1554416421.149173
1554416421.170214
1554416421.201179
1554416421.223174
1554416421.234203
1554416421.256174
1554416421.278173
1554416421.309178
1554416421.330214
1554416421.350208
1554416421.362175
1554416421.372181
1554416421.395177
1554416421.415209
1554416421.436207
1554416421.457214
1554416421.479175
1554416421.501176
1554416421.533177
1554416421.544175
1554416421.565212
1554416421.586220
1554416421.586220
1554416421.618217
1554416421.639180
1554416421.671177
1554416421.682215
1554416421.703173
1554416421.723208
1554416421.745208
1554416421.777215
1554416421.788175
1554416421.798219
1554416421.809179
1554416421.831178
1554416421.852174
1554416421.885216
1554416421.906205
1554416421.927211
1554416421.948179
1554416421.968176
1554416421.990206
1554416422.11208
1554416422.21177
1554416422.31221
1554416422.53211
1554416422.84213
1554416422.105186
1554416422.137173
1554416422.147203
1554416422.168175
1554416422.189175
1554416422.220175
1554416422.241180
1554416422.242211
1554416422.259182
1554416422.292202
1554416422.304173
1554416422.326173
1554416422.345209
1554416422.377203
1554416422.397212
1554416422.408176
1554416422.430174
1554416422.452213
1554416422.463211
1554416422.474177
1554416422.494255
1554416422.527173
1554416422.538185
1554416422.569176
1554416422.590207
1554416422.610210
1554416422.632173
1554416422.652211
1554416422.685180
1554416422.685180
1554416422.695174
1554416422.716219
1554416422.738178
1554416422.769212
1554416422.789176
1554416422.811173
1554416422.832174
1554416422.864174
1554416422.874174
1554416422.884176
1554416422.896173
1554416422.928178
1554416422.939177
1554416422.972177
1554416422.992178
1554416423.23208
1554416423.35173
1554416423.55175
1554416423.76174
1554416423.108174
1554416423.109173
1554416423.119172
1554416423.140209
1554416423.162214
1554416423.183178
1554416423.205175
1554416423.237175
1554416423.248172
1554416423.279175
1554416423.301178
1554416423.322178
1554416423.331207
1554416423.342211
1554416423.362210
1554416423.397172
1554416423.408174
1554416423.429173
1554416423.450177
1554416423.473179
1554416423.494172
1554416423.515174
1554416423.550184
1554416423.578208
1554416423.579174
1554416423.598176
1554416423.630173
1554416423.652174
1554416423.663175
1554416423.673176
1554416423.705176
1554416423.715173
1554416423.736174
1554416423.767175
1554416423.800175
1554416423.810174
1554416423.810174
1554416423.831174
1554416423.862174
1554416423.883207
1554416423.906174
1554416423.937189
1554416423.946185
1554416423.967209
1554416423.989173
1554416424.21175
1554416424.22209
1554416424.43173
1554416424.54178
1554416424.97174
1554416424.107174
1554416424.128177
1554416424.149173
1554416424.181209
1554416424.202173
1554416424.212178
1554416424.233214
1554416424.255173
1554416424.256174
1554416424.276176
1554416424.298220
1554416424.320174
1554416424.351175
1554416424.373171
1554416424.406175
1554416424.416174
1554416424.437173
1554416424.457213
1554416424.468174
1554416424.479176
1554416424.500174
1554416424.522178
1554416424.543178
1554416424.565175
1554416424.597175
1554416424.618214
1554416424.650174
1554416424.659198
1554416424.681186
1554416424.691173
1554416424.700207
1554416424.723182
1554416424.744173
1554416424.765174
1554416424.786173
1554416424.807218
1554416424.828218
1554416424.849175
1554416424.881178
1554416424.902218
1554416424.922176
1554416424.932209
1554416424.955174
1554416424.966176
1554416424.987179
1554416425.9175
1554416425.40214
1554416425.61216
1554416425.82214
1554416425.113174
1554416425.113174
1554416425.123212
1554416425.144213
1554416425.164213
1554416425.195215
1554416425.216215
1554416425.237174
1554416425.258171
1554416425.278212
1554416425.299200
1554416425.322175
1554416425.332177
1554416425.343216
1554416425.375178
1554416425.386173
1554416425.407214
1554416425.429176
1554416425.451215
1554416425.482213
1554416425.503176
1554416425.534173
1554416425.545174
1554416425.555174
1554416425.564199
1554416425.586176
1554416425.619172
1554416425.629173
1554416425.662200
1554416425.683177
1554416425.704181
1554416425.725178
1554416425.746214
1554416425.768174
1554416425.778174
1554416425.788176
1554416425.809172
1554416425.830175
1554416425.850240
1554416425.872176
1554416425.893177
1554416425.925174
1554416425.936174
1554416425.967176
1554416425.988212
1554416425.999174
1554416426.9172
1554416426.30174
1554416426.51174
1554416426.93173
1554416426.94173
1554416426.137174
1554416426.147212
1554416426.168215
1554416426.189175
1554416426.211176
1554416426.232174
1554416426.242199
1554416426.253180
1554416426.273212
1554416426.295174
1554416426.317212
1554416426.339176
1554416426.372218
1554416426.383213
1554416426.405174
1554416426.426176
1554416426.447177
1554416426.458178
1554416426.479182
1554416426.500212
1554416426.521182
1554416426.540357
1554416426.563385
1554416426.584382
1554416426.606381
1554416426.627381
1554416426.649380
1554416426.681410
1554416426.691383
1554416426.712386
1554416426.713380
1554416426.733421
1554416426.765415
1554416426.786384
1554416426.807382
1554416426.838410
1554416426.848415
1554416426.869384
1554416426.890383
1554416426.912419
1554416426.912419
1554416426.946379
1554416426.965385
1554416426.997382
1554416427.7381
1554416427.28381
1554416427.48407
1554416427.81381
1554416427.102382
1554416427.103394
1554416427.112381
1554416427.154387
1554416427.165380
1554416427.187385
1554416427.207382
1554416427.241380
1554416427.250415
1554416427.272415
1554416427.306380
1554416427.316380
1554416427.327381
1554416427.337383
1554416427.357423
1554416427.389384
1554416427.399590
1554416427.431632
1554416427.462801
1554416427.472839
1554416427.492835
1554416427.514801
1554416427.537838
1554416427.555838
1554416427.567836
1554416427.577762
1554416427.598737
1554416427.629776
1554416427.651739
1554416427.672738
1554416427.696774
1554416427.725744
1554416427.735738
1554416427.746779
1554416427.777736
1554416427.788739
1554416427.819744
1554416427.839771
1554416427.851737
1554416427.883774
1554416427.894738
1554416427.915738
1554416427.937774
1554416427.969748
1554416427.979770
1554416427.989772
1554416428.11785
1554416428.21741
1554416428.43783
1554416428.64779
1554416428.96742
1554416428.116803
1554416428.139737
1554416428.160773
1554416428.180777
1554416428.191781
1554416428.201738
1554416428.223743
1554416428.245738
1554416428.276742
1554416428.297737
1554416428.328737
1554416428.338738
1554416428.370740
1554416428.380739
1554416428.400776
1554416428.411782
1554416428.433738
1554416428.464780
1554416428.485742
1554416428.516739
1554416428.517736
1554416428.527738
1554416428.548738
1554416428.580775
1554416428.601738
1554416428.622738
1554416428.642740
1554416428.664748
1554416428.686744
1554416428.697743
1554416428.718739
1554416428.750738
1554416428.760739
1554416428.791781
1554416428.801739
1554416428.823743
1554416428.844738
1554416428.877741
1554416428.888739
1554416428.908737
1554416428.918740
1554416428.939772
1554416428.961738
1554416428.982741
1554416429.13777
1554416429.34740
1554416429.45739
1554416429.54738
1554416429.76775
1554416429.97213
1554416429.119176
1554416429.140210
1554416429.161263
1554416429.183217
1554416429.215214
1554416429.237212
1554416429.247175
1554416429.270178
1554416429.271208
1554416429.302179
1554416429.322175
1554416429.343200
1554416429.374200
1554416429.385175
1554416429.406178
1554416429.428180
1554416429.460176
1554416429.470180
1554416429.479175
1554416429.502176
1554416429.522211
1554416429.543173
1554416429.565175
1554416429.587175
1554416429.607211
1554416429.628179
1554416429.649180
1554416429.671175
1554416429.692220
1554416429.712206
1554416429.713210
1554416429.736213
1554416429.767179
1554416429.788220
1554416429.820177
1554416429.841209
1554416429.851175
1554416429.872175
1554416429.893218
1554416429.925210
1554416429.935181
1554416429.946179
1554416429.957174
1554416429.978211
1554416429.999177
1554416430.31320
1554416430.53174
1554416430.74215
1554416430.95205
1554416430.124175
1554416430.137186
1554416430.157176
1554416430.168175
1554416430.179177
1554416430.211179
1554416430.232215
1554416430.253175
1554416430.285183
1554416430.294208
1554416430.315210
1554416430.337210
1554416430.368177
1554416430.378178
1554416430.398208
1554416430.409179
1554416430.433175
1554416430.461199
1554416430.471206
1554416430.493173
1554416430.525201
1554416430.537177
1554416430.558210
1554416430.578188
1554416430.609214
1554416430.609214
1554416430.629706
1554416430.651705
1554416430.671739
1554416430.703596
1554416430.714639
1554416430.736632
1554416430.757634
1554416430.788757
1554416430.799796
1554416430.810757
1554416430.822761
1554416430.864761
1554416430.874759
1554416430.895757
1554416430.917757
1554416430.948756
1554416430.959797
1554416430.981150
1554416431.2130
1554416431.12118
1554416431.32149
1554416431.53148
1554416431.74149
1554416431.96154
1554416431.118120
1554416431.150117
1554416431.160116
1554416431.170115
1554416431.192153
1554416431.223113
1554416431.234113
1554416431.255148
1554416431.275146
1554416431.307118
1554416431.318118
1554416431.339115
1554416431.360152
1554416431.392154
1554416431.414156
1554416431.414156
1554416431.425117
1554416431.446118
1554416431.477335
1554416431.498354
1554416431.519317
1554416431.549452
1554416431.560456
1554416431.582355
1554416431.614410
1554416431.624375
1554416431.645410
1554416431.645410
1554416431.667385
1554416431.699339
1554416431.731600
1554416431.741599
1554416431.773567
1554416431.784305
1554416431.808337
1554416431.823342
1554416431.857400
1554416431.867399
1554416431.889199
1554416431.899196
1554416431.920195
1554416431.941198
1554416431.962235
1554416431.983235
1554416432.17218
1554416432.27252
1554416432.49216
1554416432.70228
1554416432.91271
1554416432.113259
1554416432.114225
1554416432.136227
1554416432.157226
1554416432.181290
1554416432.211257
1554416432.233260
1554416432.243259
1554416432.254292
1554416432.275260
1554416432.296261
1554416432.327261
1554416432.348294
1554416432.370261
1554416432.402280
1554416432.412294
1554416432.434259
1554416432.455261
1554416432.486256
1554416432.487256
1554416432.498297
1554416432.519260
1554416432.540289
1554416432.562298
1554416432.584228
1554416432.615272
1554416432.635228
1554416432.668252
1554416432.677261
1554416432.700277
1554416432.720262
1554416432.732228
1554416432.742262
1554416432.763268
1554416432.795258
1554416432.805249
1554416432.827227
1554416432.848227
1554416432.880224
1554416432.902228
1554416432.924257
1554416432.934225
1554416432.944257
1554416432.979224
1554416432.987252
1554416433.8261
1554416433.30264
1554416433.62228
1554416433.73261
1554416433.95228
1554416433.117224
1554416433.128268
1554416433.149227
1554416433.169225
1554416433.181223
1554416433.213228
1554416433.234225
1554416433.255259
1554416433.299223
1554416433.300224
1554416433.309257
